[24-Sep-2024 16:07:13 UTC] PHP Fatal error:  Uncaught TypeError: call_user_func_array(): Argument #1 ($callback) must be a valid callback, function "theme_enqueue_styles" not found or invalid function name in C:\Users\sophi\Bureau\OPENCLASSROOMS\local\koukaki\app\public\wp-includes\class-wp-hook.php:324
Stack trace:
#0 C:\Users\sophi\Bureau\OPENCLASSROOMS\local\koukaki\app\public\wp-includes\class-wp-hook.php(348): WP_Hook->apply_filters(NULL, Array)
#1 C:\Users\sophi\Bureau\OPENCLASSROOMS\local\koukaki\app\public\wp-includes\plugin.php(517): WP_Hook->do_action(Array)
#2 C:\Users\sophi\Bureau\OPENCLASSROOMS\local\koukaki\app\public\wp-includes\script-loader.php(2263): do_action('wp_enqueue_scri...')
#3 C:\Users\sophi\Bureau\OPENCLASSROOMS\local\koukaki\app\public\wp-includes\class-wp-hook.php(324): wp_enqueue_scripts('')
#4 C:\Users\sophi\Bureau\OPENCLASSROOMS\local\koukaki\app\public\wp-includes\class-wp-hook.php(348): WP_Hook->apply_filters(NULL, Array)
#5 C:\Users\sophi\Bureau\OPENCLASSROOMS\local\koukaki\app\public\wp-includes\plugin.php(517): WP_Hook->do_action(Array)
#6 C:\Users\sophi\Bureau\OPENCLASSROOMS\local\koukaki\app\public\wp-includes\general-template.php(3065): do_action('wp_head')
#7 C:\Users\sophi\Bureau\OPENCLASSROOMS\local\koukaki\app\public\wp-content\themes\foce-child\header.php(20): wp_head()
#8 C:\Users\sophi\Bureau\OPENCLASSROOMS\local\koukaki\app\public\wp-includes\template.php(810): require_once('C:\\Users\\sophi\\...')
#9 C:\Users\sophi\Bureau\OPENCLASSROOMS\local\koukaki\app\public\wp-includes\template.php(745): load_template('C:\\Users\\sophi\\...', true, Array)
#10 C:\Users\sophi\Bureau\OPENCLASSROOMS\local\koukaki\app\public\wp-includes\general-template.php(48): locate_template(Array, true, true, Array)
#11 C:\Users\sophi\Bureau\OPENCLASSROOMS\local\koukaki\app\public\wp-content\themes\foce\front-page.php(3): get_header()
#12 C:\Users\sophi\Bureau\OPENCLASSROOMS\local\koukaki\app\public\wp-includes\template-loader.php(106): include('C:\\Users\\sophi\\...')
#13 C:\Users\sophi\Bureau\OPENCLASSROOMS\local\koukaki\app\public\wp-blog-header.php(19): require_once('C:\\Users\\sophi\\...')
#14 C:\Users\sophi\Bureau\OPENCLASSROOMS\local\koukaki\app\public\index.php(17): require('C:\\Users\\sophi\\...')
#15 {main}
  thrown in C:\Users\sophi\Bureau\OPENCLASSROOMS\local\koukaki\app\public\wp-includes\class-wp-hook.php on line 324
[24-Sep-2024 16:07:25 UTC] PHP Fatal error:  Uncaught TypeError: call_user_func_array(): Argument #1 ($callback) must be a valid callback, function "theme_enqueue_styles" not found or invalid function name in C:\Users\sophi\Bureau\OPENCLASSROOMS\local\koukaki\app\public\wp-includes\class-wp-hook.php:324
Stack trace:
#0 C:\Users\sophi\Bureau\OPENCLASSROOMS\local\koukaki\app\public\wp-includes\class-wp-hook.php(348): WP_Hook->apply_filters(NULL, Array)
#1 C:\Users\sophi\Bureau\OPENCLASSROOMS\local\koukaki\app\public\wp-includes\plugin.php(517): WP_Hook->do_action(Array)
#2 C:\Users\sophi\Bureau\OPENCLASSROOMS\local\koukaki\app\public\wp-includes\script-loader.php(2263): do_action('wp_enqueue_scri...')
#3 C:\Users\sophi\Bureau\OPENCLASSROOMS\local\koukaki\app\public\wp-includes\class-wp-hook.php(324): wp_enqueue_scripts('')
#4 C:\Users\sophi\Bureau\OPENCLASSROOMS\local\koukaki\app\public\wp-includes\class-wp-hook.php(348): WP_Hook->apply_filters(NULL, Array)
#5 C:\Users\sophi\Bureau\OPENCLASSROOMS\local\koukaki\app\public\wp-includes\plugin.php(517): WP_Hook->do_action(Array)
#6 C:\Users\sophi\Bureau\OPENCLASSROOMS\local\koukaki\app\public\wp-includes\general-template.php(3065): do_action('wp_head')
#7 C:\Users\sophi\Bureau\OPENCLASSROOMS\local\koukaki\app\public\wp-content\themes\foce-child\header.php(20): wp_head()
#8 C:\Users\sophi\Bureau\OPENCLASSROOMS\local\koukaki\app\public\wp-includes\template.php(810): require_once('C:\\Users\\sophi\\...')
#9 C:\Users\sophi\Bureau\OPENCLASSROOMS\local\koukaki\app\public\wp-includes\template.php(745): load_template('C:\\Users\\sophi\\...', true, Array)
#10 C:\Users\sophi\Bureau\OPENCLASSROOMS\local\koukaki\app\public\wp-includes\general-template.php(48): locate_template(Array, true, true, Array)
#11 C:\Users\sophi\Bureau\OPENCLASSROOMS\local\koukaki\app\public\wp-content\themes\foce\front-page.php(3): get_header()
#12 C:\Users\sophi\Bureau\OPENCLASSROOMS\local\koukaki\app\public\wp-includes\template-loader.php(106): include('C:\\Users\\sophi\\...')
#13 C:\Users\sophi\Bureau\OPENCLASSROOMS\local\koukaki\app\public\wp-blog-header.php(19): require_once('C:\\Users\\sophi\\...')
#14 C:\Users\sophi\Bureau\OPENCLASSROOMS\local\koukaki\app\public\index.php(17): require('C:\\Users\\sophi\\...')
#15 {main}
  thrown in C:\Users\sophi\Bureau\OPENCLASSROOMS\local\koukaki\app\public\wp-includes\class-wp-hook.php on line 324
[24-Sep-2024 16:07:46 UTC] PHP Fatal error:  Uncaught TypeError: call_user_func_array(): Argument #1 ($callback) must be a valid callback, function "theme_enqueue_styles" not found or invalid function name in C:\Users\sophi\Bureau\OPENCLASSROOMS\local\koukaki\app\public\wp-includes\class-wp-hook.php:324
Stack trace:
#0 C:\Users\sophi\Bureau\OPENCLASSROOMS\local\koukaki\app\public\wp-includes\class-wp-hook.php(348): WP_Hook->apply_filters(NULL, Array)
#1 C:\Users\sophi\Bureau\OPENCLASSROOMS\local\koukaki\app\public\wp-includes\plugin.php(517): WP_Hook->do_action(Array)
#2 C:\Users\sophi\Bureau\OPENCLASSROOMS\local\koukaki\app\public\wp-includes\script-loader.php(2263): do_action('wp_enqueue_scri...')
#3 C:\Users\sophi\Bureau\OPENCLASSROOMS\local\koukaki\app\public\wp-includes\class-wp-hook.php(324): wp_enqueue_scripts('')
#4 C:\Users\sophi\Bureau\OPENCLASSROOMS\local\koukaki\app\public\wp-includes\class-wp-hook.php(348): WP_Hook->apply_filters(NULL, Array)
#5 C:\Users\sophi\Bureau\OPENCLASSROOMS\local\koukaki\app\public\wp-includes\plugin.php(517): WP_Hook->do_action(Array)
#6 C:\Users\sophi\Bureau\OPENCLASSROOMS\local\koukaki\app\public\wp-includes\general-template.php(3065): do_action('wp_head')
#7 C:\Users\sophi\Bureau\OPENCLASSROOMS\local\koukaki\app\public\wp-content\themes\foce-child\header.php(20): wp_head()
#8 C:\Users\sophi\Bureau\OPENCLASSROOMS\local\koukaki\app\public\wp-includes\template.php(810): require_once('C:\\Users\\sophi\\...')
#9 C:\Users\sophi\Bureau\OPENCLASSROOMS\local\koukaki\app\public\wp-includes\template.php(745): load_template('C:\\Users\\sophi\\...', true, Array)
#10 C:\Users\sophi\Bureau\OPENCLASSROOMS\local\koukaki\app\public\wp-includes\general-template.php(48): locate_template(Array, true, true, Array)
#11 C:\Users\sophi\Bureau\OPENCLASSROOMS\local\koukaki\app\public\wp-content\themes\foce\front-page.php(3): get_header()
#12 C:\Users\sophi\Bureau\OPENCLASSROOMS\local\koukaki\app\public\wp-includes\template-loader.php(106): include('C:\\Users\\sophi\\...')
#13 C:\Users\sophi\Bureau\OPENCLASSROOMS\local\koukaki\app\public\wp-blog-header.php(19): require_once('C:\\Users\\sophi\\...')
#14 C:\Users\sophi\Bureau\OPENCLASSROOMS\local\koukaki\app\public\index.php(17): require('C:\\Users\\sophi\\...')
#15 {main}
  thrown in C:\Users\sophi\Bureau\OPENCLASSROOMS\local\koukaki\app\public\wp-includes\class-wp-hook.php on line 324
[24-Sep-2024 16:07:57 UTC] PHP Fatal error:  Uncaught TypeError: call_user_func_array(): Argument #1 ($callback) must be a valid callback, function "theme_enqueue_styles" not found or invalid function name in C:\Users\sophi\Bureau\OPENCLASSROOMS\local\koukaki\app\public\wp-includes\class-wp-hook.php:324
Stack trace:
#0 C:\Users\sophi\Bureau\OPENCLASSROOMS\local\koukaki\app\public\wp-includes\class-wp-hook.php(348): WP_Hook->apply_filters(NULL, Array)
#1 C:\Users\sophi\Bureau\OPENCLASSROOMS\local\koukaki\app\public\wp-includes\plugin.php(517): WP_Hook->do_action(Array)
#2 C:\Users\sophi\Bureau\OPENCLASSROOMS\local\koukaki\app\public\wp-includes\script-loader.php(2263): do_action('wp_enqueue_scri...')
#3 C:\Users\sophi\Bureau\OPENCLASSROOMS\local\koukaki\app\public\wp-includes\class-wp-hook.php(324): wp_enqueue_scripts('')
#4 C:\Users\sophi\Bureau\OPENCLASSROOMS\local\koukaki\app\public\wp-includes\class-wp-hook.php(348): WP_Hook->apply_filters(NULL, Array)
#5 C:\Users\sophi\Bureau\OPENCLASSROOMS\local\koukaki\app\public\wp-includes\plugin.php(517): WP_Hook->do_action(Array)
#6 C:\Users\sophi\Bureau\OPENCLASSROOMS\local\koukaki\app\public\wp-includes\general-template.php(3065): do_action('wp_head')
#7 C:\Users\sophi\Bureau\OPENCLASSROOMS\local\koukaki\app\public\wp-content\themes\foce-child\header.php(20): wp_head()
#8 C:\Users\sophi\Bureau\OPENCLASSROOMS\local\koukaki\app\public\wp-includes\template.php(810): require_once('C:\\Users\\sophi\\...')
#9 C:\Users\sophi\Bureau\OPENCLASSROOMS\local\koukaki\app\public\wp-includes\template.php(745): load_template('C:\\Users\\sophi\\...', true, Array)
#10 C:\Users\sophi\Bureau\OPENCLASSROOMS\local\koukaki\app\public\wp-includes\general-template.php(48): locate_template(Array, true, true, Array)
#11 C:\Users\sophi\Bureau\OPENCLASSROOMS\local\koukaki\app\public\wp-content\themes\foce\front-page.php(3): get_header()
#12 C:\Users\sophi\Bureau\OPENCLASSROOMS\local\koukaki\app\public\wp-includes\template-loader.php(106): include('C:\\Users\\sophi\\...')
#13 C:\Users\sophi\Bureau\OPENCLASSROOMS\local\koukaki\app\public\wp-blog-header.php(19): require_once('C:\\Users\\sophi\\...')
#14 C:\Users\sophi\Bureau\OPENCLASSROOMS\local\koukaki\app\public\index.php(17): require('C:\\Users\\sophi\\...')
#15 {main}
  thrown in C:\Users\sophi\Bureau\OPENCLASSROOMS\local\koukaki\app\public\wp-includes\class-wp-hook.php on line 324
[25-Sep-2024 12:56:15 UTC] PHP Warning:  filemtime(): stat failed for C:\Users\sophi\Bureau\OPENCLASSROOMS\local\koukaki\app\public/wp-content/themes/foce-childfoce-child/style.css in C:\Users\sophi\Bureau\OPENCLASSROOMS\local\koukaki\app\public\wp-content\themes\foce-child\functions.php on line 10
[25-Sep-2024 12:56:16 UTC] PHP Warning:  filemtime(): stat failed for C:\Users\sophi\Bureau\OPENCLASSROOMS\local\koukaki\app\public/wp-content/themes/foce-childfoce-child/style.css in C:\Users\sophi\Bureau\OPENCLASSROOMS\local\koukaki\app\public\wp-content\themes\foce-child\functions.php on line 10
[25-Sep-2024 12:57:18 UTC] PHP Warning:  filemtime(): stat failed for C:\Users\sophi\Bureau\OPENCLASSROOMS\local\koukaki\app\public/wp-content/themes/foce-childstyle.css in C:\Users\sophi\Bureau\OPENCLASSROOMS\local\koukaki\app\public\wp-content\themes\foce-child\functions.php on line 10
[25-Sep-2024 12:57:19 UTC] PHP Warning:  filemtime(): stat failed for C:\Users\sophi\Bureau\OPENCLASSROOMS\local\koukaki\app\public/wp-content/themes/foce-childstyle.css in C:\Users\sophi\Bureau\OPENCLASSROOMS\local\koukaki\app\public\wp-content\themes\foce-child\functions.php on line 10
[25-Sep-2024 12:57:21 UTC] PHP Warning:  filemtime(): stat failed for C:\Users\sophi\Bureau\OPENCLASSROOMS\local\koukaki\app\public/wp-content/themes/foce-childstyle.css in C:\Users\sophi\Bureau\OPENCLASSROOMS\local\koukaki\app\public\wp-content\themes\foce-child\functions.php on line 10
[25-Sep-2024 12:57:21 UTC] PHP Warning:  filemtime(): stat failed for C:\Users\sophi\Bureau\OPENCLASSROOMS\local\koukaki\app\public/wp-content/themes/foce-childstyle.css in C:\Users\sophi\Bureau\OPENCLASSROOMS\local\koukaki\app\public\wp-content\themes\foce-child\functions.php on line 10
[25-Sep-2024 12:57:22 UTC] PHP Warning:  filemtime(): stat failed for C:\Users\sophi\Bureau\OPENCLASSROOMS\local\koukaki\app\public/wp-content/themes/foce-childstyle.css in C:\Users\sophi\Bureau\OPENCLASSROOMS\local\koukaki\app\public\wp-content\themes\foce-child\functions.php on line 10
[25-Sep-2024 12:57:23 UTC] PHP Warning:  filemtime(): stat failed for C:\Users\sophi\Bureau\OPENCLASSROOMS\local\koukaki\app\public/wp-content/themes/foce-childstyle.css in C:\Users\sophi\Bureau\OPENCLASSROOMS\local\koukaki\app\public\wp-content\themes\foce-child\functions.php on line 10
[25-Sep-2024 12:57:37 UTC] PHP Warning:  filemtime(): stat failed for C:\Users\sophi\Bureau\OPENCLASSROOMS\local\koukaki\app\public/wp-content/themes/foce-childstyle.css in C:\Users\sophi\Bureau\OPENCLASSROOMS\local\koukaki\app\public\wp-content\themes\foce-child\functions.php on line 10
[25-Sep-2024 12:57:38 UTC] PHP Warning:  filemtime(): stat failed for C:\Users\sophi\Bureau\OPENCLASSROOMS\local\koukaki\app\public/wp-content/themes/foce-childstyle.css in C:\Users\sophi\Bureau\OPENCLASSROOMS\local\koukaki\app\public\wp-content\themes\foce-child\functions.php on line 10
[25-Sep-2024 12:58:15 UTC] PHP Warning:  filemtime(): stat failed for C:\Users\sophi\Bureau\OPENCLASSROOMS\local\koukaki\app\public/wp-content/themes/foce-childstyle.css in C:\Users\sophi\Bureau\OPENCLASSROOMS\local\koukaki\app\public\wp-content\themes\foce-child\functions.php on line 10
[25-Sep-2024 12:58:15 UTC] PHP Warning:  filemtime(): stat failed for C:\Users\sophi\Bureau\OPENCLASSROOMS\local\koukaki\app\public/wp-content/themes/foce-childstyle.css in C:\Users\sophi\Bureau\OPENCLASSROOMS\local\koukaki\app\public\wp-content\themes\foce-child\functions.php on line 10
[25-Sep-2024 12:58:29 UTC] PHP Warning:  filemtime(): stat failed for C:\Users\sophi\Bureau\OPENCLASSROOMS\local\koukaki\app\public/wp-content/themes/foce-childfoce-child/style.css in C:\Users\sophi\Bureau\OPENCLASSROOMS\local\koukaki\app\public\wp-content\themes\foce-child\functions.php on line 10
[25-Sep-2024 12:58:29 UTC] PHP Warning:  filemtime(): stat failed for C:\Users\sophi\Bureau\OPENCLASSROOMS\local\koukaki\app\public/wp-content/themes/foce-childfoce-child/style.css in C:\Users\sophi\Bureau\OPENCLASSROOMS\local\koukaki\app\public\wp-content\themes\foce-child\functions.php on line 10
[25-Sep-2024 12:58:30 UTC] PHP Warning:  filemtime(): stat failed for C:\Users\sophi\Bureau\OPENCLASSROOMS\local\koukaki\app\public/wp-content/themes/foce-childfoce-child/style.css in C:\Users\sophi\Bureau\OPENCLASSROOMS\local\koukaki\app\public\wp-content\themes\foce-child\functions.php on line 10
[25-Sep-2024 12:58:30 UTC] PHP Warning:  filemtime(): stat failed for C:\Users\sophi\Bureau\OPENCLASSROOMS\local\koukaki\app\public/wp-content/themes/foce-childfoce-child/style.css in C:\Users\sophi\Bureau\OPENCLASSROOMS\local\koukaki\app\public\wp-content\themes\foce-child\functions.php on line 10
[25-Sep-2024 14:59:03 UTC] WordPress database error Deadlock found when trying to get lock; try restarting transaction for query DELETE FROM `wp_options` WHERE `option_name` = '_site_transient_theme_roots' made by include('phar://C:/Program Files (x86)/Local/resources/extraResources/bin/wp-cli/wp-cli.phar/php/boot-phar.php'), include('phar://C:/Program Files (x86)/Local/resources/extraResources/bin/wp-cli/wp-cli.phar/vendor/wp-cli/wp-cli/php/wp-cli.php'), WP_CLI\bootstrap, WP_CLI\Bootstrap\LaunchRunner->process, WP_CLI\Runner->start, WP_CLI\Runner->load_wordpress, require('wp-settings.php'), do_action('after_setup_theme'), WP_Hook->do_action, WP_Hook->apply_filters, _add_default_theme_supports, wp_is_block_theme, wp_get_theme, WP_Theme->__construct, search_theme_directories, get_site_transient, delete_site_option, delete_network_option, delete_option
[30-Sep-2024 09:29:28 UTC] Erreur d’événement de déplanification de tâche pour le crochet wp_cache_gc. Code d’erreur : could_not_set. Message d’erreur : La liste des évènements planifiés n’a pas pu être sauvegardée.. Données : {"schedule":false,"args":[]}
[30-Sep-2024 11:35:38 UTC] Erreur d’événement de replanification de tâche pour le crochet wp_delete_temp_updater_backups. Code d’erreur : could_not_set. Message d’erreur : La liste des évènements planifiés n’a pas pu être sauvegardée.. Données : {"schedule":"weekly","args":[],"interval":604800}
