[12-Nov-2024 07:31:57 UTC] PHP Warning:  PHP Startup: Unable to load dynamic library 'php_imagick.dll' (tried: C:/Users/sophi/AppData/Roaming/Local/lightning-services/php-8.3.11+0/bin/win64/ext\php_imagick.dll (Le module spécifié est introuvable), C:/Users/sophi/AppData/Roaming/Local/lightning-services/php-8.3.11+0/bin/win64/ext\php_php_imagick.dll.dll (Le module spécifié est introuvable)) in Unknown on line 0
[12-Nov-2024 07:32:09 UTC] PHP Warning:  PHP Startup: Unable to load dynamic library 'php_imagick.dll' (tried: C:/Users/sophi/AppData/Roaming/Local/lightning-services/php-8.3.11+0/bin/win64/ext\php_imagick.dll (Le module spécifié est introuvable), C:/Users/sophi/AppData/Roaming/Local/lightning-services/php-8.3.11+0/bin/win64/ext\php_php_imagick.dll.dll (Le module spécifié est introuvable)) in Unknown on line 0
[13-Nov-2024 08:57:18 UTC] PHP Warning:  PHP Startup: Unable to load dynamic library 'php_imagick.dll' (tried: C:/Users/sophi/AppData/Roaming/Local/lightning-services/php-8.3.11+0/bin/win64/ext\php_imagick.dll (Le module spécifié est introuvable), C:/Users/sophi/AppData/Roaming/Local/lightning-services/php-8.3.11+0/bin/win64/ext\php_php_imagick.dll.dll (Le module spécifié est introuvable)) in Unknown on line 0
[13-Nov-2024 08:57:22 UTC] PHP Warning:  PHP Startup: Unable to load dynamic library 'php_imagick.dll' (tried: C:/Users/sophi/AppData/Roaming/Local/lightning-services/php-8.3.11+0/bin/win64/ext\php_imagick.dll (Le module spécifié est introuvable), C:/Users/sophi/AppData/Roaming/Local/lightning-services/php-8.3.11+0/bin/win64/ext\php_php_imagick.dll.dll (Le module spécifié est introuvable)) in Unknown on line 0
[13-Nov-2024 08:58:19 UTC] PHP Warning:  PHP Startup: Unable to load dynamic library 'php_imagick.dll' (tried: C:/Users/sophi/AppData/Roaming/Local/lightning-services/php-8.3.11+0/bin/win64/ext\php_imagick.dll (Le module spécifié est introuvable), C:/Users/sophi/AppData/Roaming/Local/lightning-services/php-8.3.11+0/bin/win64/ext\php_php_imagick.dll.dll (Le module spécifié est introuvable)) in Unknown on line 0
[13-Nov-2024 09:13:48 UTC] PHP Warning:  PHP Startup: Unable to load dynamic library 'php_imagick.dll' (tried: C:/Users/sophi/AppData/Roaming/Local/lightning-services/php-8.3.11+0/bin/win64/ext\php_imagick.dll (Le module spécifié est introuvable), C:/Users/sophi/AppData/Roaming/Local/lightning-services/php-8.3.11+0/bin/win64/ext\php_php_imagick.dll.dll (Le module spécifié est introuvable)) in Unknown on line 0
[13-Nov-2024 09:13:48 UTC] PHP Warning:  PHP Startup: Unable to load dynamic library 'php_imagick.dll' (tried: C:/Users/sophi/AppData/Roaming/Local/lightning-services/php-8.3.11+0/bin/win64/ext\php_imagick.dll (Le module spécifié est introuvable), C:/Users/sophi/AppData/Roaming/Local/lightning-services/php-8.3.11+0/bin/win64/ext\php_php_imagick.dll.dll (Le module spécifié est introuvable)) in Unknown on line 0
[13-Nov-2024 09:27:38 UTC] PHP Warning:  PHP Startup: Unable to load dynamic library 'php_imagick.dll' (tried: C:/Users/sophi/AppData/Roaming/Local/lightning-services/php-8.3.11+0/bin/win64/ext\php_imagick.dll (Le module spécifié est introuvable), C:/Users/sophi/AppData/Roaming/Local/lightning-services/php-8.3.11+0/bin/win64/ext\php_php_imagick.dll.dll (Le module spécifié est introuvable)) in Unknown on line 0
[13-Nov-2024 09:27:38 UTC] PHP Warning:  PHP Startup: Unable to load dynamic library 'php_imagick.dll' (tried: C:/Users/sophi/AppData/Roaming/Local/lightning-services/php-8.3.11+0/bin/win64/ext\php_imagick.dll (Le module spécifié est introuvable), C:/Users/sophi/AppData/Roaming/Local/lightning-services/php-8.3.11+0/bin/win64/ext\php_php_imagick.dll.dll (Le module spécifié est introuvable)) in Unknown on line 0
[13-Nov-2024 09:35:02 UTC] PHP Warning:  Attempt to read property "title" on null in C:\Users\sophi\Bureau\OPENCLASSROOMS\local\nmota\app\public\wp-includes\class-wp-customize-widgets.php on line 923
[13-Nov-2024 13:19:12 UTC] PHP Warning:  PHP Startup: Unable to load dynamic library 'php_imagick.dll' (tried: C:/Users/sophi/AppData/Roaming/Local/lightning-services/php-8.3.11+0/bin/win64/ext\php_imagick.dll (Le module spécifié est introuvable), C:/Users/sophi/AppData/Roaming/Local/lightning-services/php-8.3.11+0/bin/win64/ext\php_php_imagick.dll.dll (Le module spécifié est introuvable)) in Unknown on line 0
[13-Nov-2024 13:19:14 UTC] PHP Warning:  PHP Startup: Unable to load dynamic library 'php_imagick.dll' (tried: C:/Users/sophi/AppData/Roaming/Local/lightning-services/php-8.3.11+0/bin/win64/ext\php_imagick.dll (Le module spécifié est introuvable), C:/Users/sophi/AppData/Roaming/Local/lightning-services/php-8.3.11+0/bin/win64/ext\php_php_imagick.dll.dll (Le module spécifié est introuvable)) in Unknown on line 0
[13-Nov-2024 14:01:02 UTC] PHP Fatal error:  Uncaught Error: Class "A11y_Walker_Nav_Menu" not found in C:\Users\sophi\Bureau\OPENCLASSROOMS\local\nmota\app\public\wp-content\themes\natmota\header.php:29
Stack trace:
#0 C:\Users\sophi\Bureau\OPENCLASSROOMS\local\nmota\app\public\wp-includes\template.php(810): require_once()
#1 C:\Users\sophi\Bureau\OPENCLASSROOMS\local\nmota\app\public\wp-includes\template.php(745): load_template('C:\\Users\\sophi\\...', true, Array)
#2 C:\Users\sophi\Bureau\OPENCLASSROOMS\local\nmota\app\public\wp-includes\general-template.php(48): locate_template(Array, true, true, Array)
#3 C:\Users\sophi\Bureau\OPENCLASSROOMS\local\nmota\app\public\wp-content\themes\natmota\page.php(8): get_header()
#4 C:\Users\sophi\Bureau\OPENCLASSROOMS\local\nmota\app\public\wp-includes\template-loader.php(106): include('C:\\Users\\sophi\\...')
#5 C:\Users\sophi\Bureau\OPENCLASSROOMS\local\nmota\app\public\wp-blog-header.php(19): require_once('C:\\Users\\sophi\\...')
#6 C:\Users\sophi\Bureau\OPENCLASSROOMS\local\nmota\app\public\index.php(17): require('C:\\Users\\sophi\\...')
#7 {main}
  thrown in C:\Users\sophi\Bureau\OPENCLASSROOMS\local\nmota\app\public\wp-content\themes\natmota\header.php on line 29
[13-Nov-2024 16:20:27 UTC] PHP Parse error:  syntax error, unexpected token "endif", expecting end of file in C:\Users\sophi\Bureau\OPENCLASSROOMS\local\nmota\app\public\wp-content\themes\natmota\footer.php on line 29
[14-Nov-2024 07:53:19 UTC] PHP Warning:  PHP Startup: Unable to load dynamic library 'php_imagick.dll' (tried: C:/Users/sophi/AppData/Roaming/Local/lightning-services/php-8.3.11+0/bin/win64/ext\php_imagick.dll (Le module spécifié est introuvable), C:/Users/sophi/AppData/Roaming/Local/lightning-services/php-8.3.11+0/bin/win64/ext\php_php_imagick.dll.dll (Le module spécifié est introuvable)) in Unknown on line 0
[14-Nov-2024 07:53:22 UTC] PHP Warning:  PHP Startup: Unable to load dynamic library 'php_imagick.dll' (tried: C:/Users/sophi/AppData/Roaming/Local/lightning-services/php-8.3.11+0/bin/win64/ext\php_imagick.dll (Le module spécifié est introuvable), C:/Users/sophi/AppData/Roaming/Local/lightning-services/php-8.3.11+0/bin/win64/ext\php_php_imagick.dll.dll (Le module spécifié est introuvable)) in Unknown on line 0
[14-Nov-2024 09:08:29 UTC] PHP Warning:  Attempt to read property "title" on null in C:\Users\sophi\Bureau\OPENCLASSROOMS\local\nmota\app\public\wp-includes\class-wp-customize-widgets.php on line 923
[14-Nov-2024 09:09:40 UTC] PHP Warning:  PHP Startup: Unable to load dynamic library 'php_imagick.dll' (tried: C:/Users/sophi/AppData/Roaming/Local/lightning-services/php-8.3.11+0/bin/win64/ext\php_imagick.dll (Le module spécifié est introuvable), C:/Users/sophi/AppData/Roaming/Local/lightning-services/php-8.3.11+0/bin/win64/ext\php_php_imagick.dll.dll (Le module spécifié est introuvable)) in Unknown on line 0
[14-Nov-2024 09:09:40 UTC] PHP Warning:  PHP Startup: Unable to load dynamic library 'php_imagick.dll' (tried: C:/Users/sophi/AppData/Roaming/Local/lightning-services/php-8.3.11+0/bin/win64/ext\php_imagick.dll (Le module spécifié est introuvable), C:/Users/sophi/AppData/Roaming/Local/lightning-services/php-8.3.11+0/bin/win64/ext\php_php_imagick.dll.dll (Le module spécifié est introuvable)) in Unknown on line 0
[14-Nov-2024 09:09:40 UTC] PHP Warning:  PHP Startup: Unable to load dynamic library 'php_imagick.dll' (tried: C:/Users/sophi/AppData/Roaming/Local/lightning-services/php-8.3.11+0/bin/win64/ext\php_imagick.dll (Le module spécifié est introuvable), C:/Users/sophi/AppData/Roaming/Local/lightning-services/php-8.3.11+0/bin/win64/ext\php_php_imagick.dll.dll (Le module spécifié est introuvable)) in Unknown on line 0
[14-Nov-2024 09:09:40 UTC] PHP Warning:  PHP Startup: Unable to load dynamic library 'php_imagick.dll' (tried: C:/Users/sophi/AppData/Roaming/Local/lightning-services/php-8.3.11+0/bin/win64/ext\php_imagick.dll (Le module spécifié est introuvable), C:/Users/sophi/AppData/Roaming/Local/lightning-services/php-8.3.11+0/bin/win64/ext\php_php_imagick.dll.dll (Le module spécifié est introuvable)) in Unknown on line 0
[14-Nov-2024 15:37:37 UTC] PHP Warning:  Attempt to read property "title" on null in C:\Users\sophi\Bureau\OPENCLASSROOMS\local\nmota\app\public\wp-includes\class-wp-customize-widgets.php on line 923
[15-Nov-2024 14:22:09 UTC] PHP Warning:  PHP Startup: Unable to load dynamic library 'php_imagick.dll' (tried: C:/Users/sophi/AppData/Roaming/Local/lightning-services/php-8.3.11+0/bin/win64/ext\php_imagick.dll (Le module spécifié est introuvable), C:/Users/sophi/AppData/Roaming/Local/lightning-services/php-8.3.11+0/bin/win64/ext\php_php_imagick.dll.dll (Le module spécifié est introuvable)) in Unknown on line 0
[15-Nov-2024 14:23:16 UTC] PHP Warning:  PHP Startup: Unable to load dynamic library 'php_imagick.dll' (tried: C:/Users/sophi/AppData/Roaming/Local/lightning-services/php-8.3.11+0/bin/win64/ext\php_imagick.dll (Le module spécifié est introuvable), C:/Users/sophi/AppData/Roaming/Local/lightning-services/php-8.3.11+0/bin/win64/ext\php_php_imagick.dll.dll (Le module spécifié est introuvable)) in Unknown on line 0
